2020-05-23 16:45:43.974  INFO 19632 --- [main] io.github.wdpm.App                       : Starting App on DESKTOP-XiaoMiPro2019 with PID 19632 (C:\IdeaProjects\lets-spring\lets-spring-data-jpa-projection\target\classes started by evan in C:\IdeaProjects\lets-spring)
2020-05-23 16:45:43.979 DEBUG 19632 --- [main] io.github.wdpm.App                       : Running with Spring Boot v2.3.0.RELEASE, Spring v5.2.6.RELEASE
2020-05-23 16:45:43.980  INFO 19632 --- [main] io.github.wdpm.App                       : No active profile set, falling back to default profiles: default
2020-05-23 16:45:44.950  INFO 19632 --- [main] .s.d.r.c.RepositoryConfigurationDelegate : Bootstrapping Spring Data JPA repositories in DEFERRED mode.
2020-05-23 16:45:45.040  INFO 19632 --- [main] .s.d.r.c.RepositoryConfigurationDelegate : Finished Spring Data repository scanning in 72ms. Found 1 JPA repository interfaces.
2020-05-23 16:45:45.514  INFO 19632 --- [main] o.s.b.w.embedded.tomcat.TomcatWebServer  : Tomcat initialized with port(s): 8080 (http)
2020-05-23 16:45:45.523  INFO 19632 --- [main] o.apache.catalina.core.StandardService   : Starting service [Tomcat]
2020-05-23 16:45:45.523  INFO 19632 --- [main] org.apache.catalina.core.StandardEngine  : Starting Servlet engine: [Apache Tomcat/9.0.35]
2020-05-23 16:45:45.679  INFO 19632 --- [main] o.a.c.c.C.[Tomcat].[localhost].[/]       : Initializing Spring embedded WebApplicationContext
2020-05-23 16:45:45.679  INFO 19632 --- [main] o.s.web.context.ContextLoader            : Root WebApplicationContext: initialization completed in 1635 ms
2020-05-23 16:45:45.718  INFO 19632 --- [main] com.zaxxer.hikari.HikariDataSource       : HikariPool-1 - Starting...
2020-05-23 16:45:45.822  INFO 19632 --- [main] com.zaxxer.hikari.HikariDataSource       : HikariPool-1 - Start completed.
2020-05-23 16:45:45.828  INFO 19632 --- [main] o.s.b.a.h2.H2ConsoleAutoConfiguration    : H2 console available at '/h2-console'. Database available at 'jdbc:h2:mem:jpa-projection'
2020-05-23 16:45:45.943  INFO 19632 --- [main] o.s.s.concurrent.ThreadPoolTaskExecutor  : Initializing ExecutorService 'applicationTaskExecutor'
2020-05-23 16:45:45.990  INFO 19632 --- [task-1] o.hibernate.jpa.internal.util.LogHelper  : HHH000204: Processing PersistenceUnitInfo [name: default]
2020-05-23 16:45:46.018  WARN 19632 --- [main] JpaBaseConfiguration$JpaWebConfiguration : spring.jpa.open-in-view is enabled by default. Therefore, database queries may be performed during view rendering. Explicitly configure spring.jpa.open-in-view to disable this warning
2020-05-23 16:45:46.037  INFO 19632 --- [task-1] org.hibernate.Version                    : HHH000412: Hibernate ORM core version 5.4.15.Final
2020-05-23 16:45:46.253  INFO 19632 --- [task-1] o.hibernate.annotations.common.Version   : HCANN000001: Hibernate Commons Annotations {5.1.0.Final}
2020-05-23 16:45:46.547  INFO 19632 --- [task-1] org.hibernate.dialect.Dialect            : HHH000400: Using dialect: org.hibernate.dialect.H2Dialect
2020-05-23 16:45:47.130  INFO 19632 --- [task-1] o.h.e.t.j.p.i.JtaPlatformInitiator       : HHH000490: Using JtaPlatform implementation: [org.hibernate.engine.transaction.jta.platform.internal.NoJtaPlatform]
2020-05-23 16:45:47.142  INFO 19632 --- [task-1] j.LocalContainerEntityManagerFactoryBean : Initialized JPA EntityManagerFactory for persistence unit 'default'
2020-05-23 16:45:47.518  INFO 19632 --- [main] o.s.b.w.embedded.tomcat.TomcatWebServer  : Tomcat started on port(s): 8080 (http) with context path ''
2020-05-23 16:45:47.519  INFO 19632 --- [main] DeferredRepositoryInitializationListener : Triggering deferred initialization of Spring Data repositories…
2020-05-23 16:45:47.636  INFO 19632 --- [main] DeferredRepositoryInitializationListener : Spring Data repositories initialized!
2020-05-23 16:45:47.642  INFO 19632 --- [main] io.github.wdpm.App                       : Started App in 4.351 seconds (JVM running for 6.817)
2020-05-23 16:45:57.621  INFO 19632 --- [http-nio-8080-exec-1] o.a.c.c.C.[Tomcat].[localhost].[/]       : Initializing Spring DispatcherServlet 'dispatcherServlet'
2020-05-23 16:45:57.622  INFO 19632 --- [http-nio-8080-exec-1] o.s.web.servlet.DispatcherServlet        : Initializing Servlet 'dispatcherServlet'
2020-05-23 16:45:57.630  INFO 19632 --- [http-nio-8080-exec-1] o.s.web.servlet.DispatcherServlet        : Completed initialization in 8 ms
